[Server] Welcome back Client 1
[Server] Welcome back Client 1
[Server] Unregistered client requested peer list.
[Server] Initialized, listening on port 8080
[Server] Initialized, listening on port 8080
[Server] Welcome back Client 1
[Server] Unregistered client requested peer list.
[Server] Client -1 disconnected.
[Server] Unregistered client requested peer list.
[Server] Client -1 disconnected.
[Server] Welcome back Client 1
[Server] Unregistered client requested peer list.
[Server] Client -1 disconnected.
[Server] Initialized, listening on port 8080
[Server] Welcome back Client 1
[Server] Initialized, listening on port 8080
[Server] Initialized, listening on port 8080
[Server] Welcome back Client 1
[Server] Client 1 disconnected.
[Server] Welcome back Client 1
[Server] Initialized, listening on port 8080
[Server] Initialized, listening on port 8080
[Server] Assigned Client ID: 2
[Server] Client unexpectedly disconnected.
[Server] Assigned Client ID: 3
[Server] Initialized, listening on port 8080
[Server] Initialized, listening on port 8080
[Server] Client unexpectedly disconnected.
[Server] Welcome back Client 1
1
1
