[Server] Initialized, listening on port 8080
[Server] Client unexpectedly disconnected.
[Server] Assigned Client ID: 1
[Server] Client unexpectedly disconnected.
[Server] Assigned Client ID: 2
[Server] Registered provider at 127.0.0.1:9090
[Server] Removing inactive client: -3
[Server] Client 2 disconnected.
[Server] Initialized, listening on port 8080
[Server] Assigned Client ID: 3
[Server] Registered provider at 127.0.0.1:9090
[Server] Removing inactive client: -4
[Server] Assigned Client ID: 4
[Server] Client unexpectedly disconnected.
[Server] Client 3 disconnected.
[Server] Initialized, listening on port 8080
[Server] Assigned Client ID: 5
[Server] Registered provider at 127.0.0.1:9090
[Server] Assigned Client ID: 6
[Server] Client 6 disconnected.
[Server] Client 5 disconnected.
